[20-Sep-2018 22:18:38 UTC] PHP Warning:  mysqli_fetch_array() expects parameter 1 to be mysqli_result, boolean given in /home/ubuntu/workspace/CPSC4125_Assignments/Assignment1/view_users.php on line 65
[20-Sep-2018 22:18:38 UTC] PHP Stack trace:
[20-Sep-2018 22:18:38 UTC] PHP   1. {main}() /home/ubuntu/workspace/CPSC4125_Assignments/Assignment1/view_users.php:0
[20-Sep-2018 22:18:38 UTC] PHP   2. mysqli_fetch_array() /home/ubuntu/workspace/CPSC4125_Assignments/Assignment1/view_users.php:65
[20-Sep-2018 22:18:38 UTC] PHP Warning:  mysqli_free_result() expects parameter 1 to be mysqli_result, boolean given in /home/ubuntu/workspace/CPSC4125_Assignments/Assignment1/view_users.php on line 81
[20-Sep-2018 22:18:38 UTC] PHP Stack trace:
[20-Sep-2018 22:18:38 UTC] PHP   1. {main}() /home/ubuntu/workspace/CPSC4125_Assignments/Assignment1/view_users.php:0
[20-Sep-2018 22:18:38 UTC] PHP   2. mysqli_free_result() /home/ubuntu/workspace/CPSC4125_Assignments/Assignment1/view_users.php:81
[20-Sep-2018 22:20:44 UTC] PHP Warning:  mysqli_fetch_array() expects parameter 1 to be mysqli_result, boolean given in /home/ubuntu/workspace/CPSC4125_Assignments/Assignment1/view_users.php on line 66
[20-Sep-2018 22:20:44 UTC] PHP Stack trace:
[20-Sep-2018 22:20:44 UTC] PHP   1. {main}() /home/ubuntu/workspace/CPSC4125_Assignments/Assignment1/view_users.php:0
[20-Sep-2018 22:20:44 UTC] PHP   2. mysqli_fetch_array() /home/ubuntu/workspace/CPSC4125_Assignments/Assignment1/view_users.php:66
[20-Sep-2018 22:20:44 UTC] PHP Warning:  mysqli_free_result() expects parameter 1 to be mysqli_result, boolean given in /home/ubuntu/workspace/CPSC4125_Assignments/Assignment1/view_users.php on line 82
[20-Sep-2018 22:20:44 UTC] PHP Stack trace:
[20-Sep-2018 22:20:44 UTC] PHP   1. {main}() /home/ubuntu/workspace/CPSC4125_Assignments/Assignment1/view_users.php:0
[20-Sep-2018 22:20:44 UTC] PHP   2. mysqli_free_result() /home/ubuntu/workspace/CPSC4125_Assignments/Assignment1/view_users.php:82
[20-Sep-2018 22:21:30 UTC] PHP Warning:  mysqli_fetch_array() expects parameter 1 to be mysqli_result, boolean given in /home/ubuntu/workspace/CPSC4125_Assignments/Assignment1/view_users.php on line 62
[20-Sep-2018 22:21:30 UTC] PHP Stack trace:
[20-Sep-2018 22:21:30 UTC] PHP   1. {main}() /home/ubuntu/workspace/CPSC4125_Assignments/Assignment1/view_users.php:0
[20-Sep-2018 22:21:30 UTC] PHP   2. mysqli_fetch_array() /home/ubuntu/workspace/CPSC4125_Assignments/Assignment1/view_users.php:62
[20-Sep-2018 22:21:30 UTC] PHP Warning:  mysqli_free_result() expects parameter 1 to be mysqli_result, boolean given in /home/ubuntu/workspace/CPSC4125_Assignments/Assignment1/view_users.php on line 78
[20-Sep-2018 22:21:30 UTC] PHP Stack trace:
[20-Sep-2018 22:21:30 UTC] PHP   1. {main}() /home/ubuntu/workspace/CPSC4125_Assignments/Assignment1/view_users.php:0
[20-Sep-2018 22:21:30 UTC] PHP   2. mysqli_free_result() /home/ubuntu/workspace/CPSC4125_Assignments/Assignment1/view_users.php:78
[20-Sep-2018 22:21:59 UTC] PHP Warning:  mysqli_fetch_array() expects parameter 1 to be mysqli_result, boolean given in /home/ubuntu/workspace/CPSC4125_Assignments/Assignment1/view_users.php on line 62
[20-Sep-2018 22:21:59 UTC] PHP Stack trace:
[20-Sep-2018 22:21:59 UTC] PHP   1. {main}() /home/ubuntu/workspace/CPSC4125_Assignments/Assignment1/view_users.php:0
[20-Sep-2018 22:21:59 UTC] PHP   2. mysqli_fetch_array() /home/ubuntu/workspace/CPSC4125_Assignments/Assignment1/view_users.php:62
[20-Sep-2018 22:21:59 UTC] PHP Warning:  mysqli_free_result() expects parameter 1 to be mysqli_result, boolean given in /home/ubuntu/workspace/CPSC4125_Assignments/Assignment1/view_users.php on line 78
[20-Sep-2018 22:21:59 UTC] PHP Stack trace:
[20-Sep-2018 22:21:59 UTC] PHP   1. {main}() /home/ubuntu/workspace/CPSC4125_Assignments/Assignment1/view_users.php:0
[20-Sep-2018 22:21:59 UTC] PHP   2. mysqli_free_result() /home/ubuntu/workspace/CPSC4125_Assignments/Assignment1/view_users.php:78
[20-Sep-2018 22:23:46 UTC] PHP Warning:  mysqli_fetch_array() expects parameter 1 to be mysqli_result, boolean given in /home/ubuntu/workspace/CPSC4125_Assignments/Assignment1/view_users.php on line 63
[20-Sep-2018 22:23:46 UTC] PHP Stack trace:
[20-Sep-2018 22:23:46 UTC] PHP   1. {main}() /home/ubuntu/workspace/CPSC4125_Assignments/Assignment1/view_users.php:0
[20-Sep-2018 22:23:46 UTC] PHP   2. mysqli_fetch_array() /home/ubuntu/workspace/CPSC4125_Assignments/Assignment1/view_users.php:63
[20-Sep-2018 22:23:46 UTC] PHP Warning:  mysqli_free_result() expects parameter 1 to be mysqli_result, boolean given in /home/ubuntu/workspace/CPSC4125_Assignments/Assignment1/view_users.php on line 79
[20-Sep-2018 22:23:46 UTC] PHP Stack trace:
[20-Sep-2018 22:23:46 UTC] PHP   1. {main}() /home/ubuntu/workspace/CPSC4125_Assignments/Assignment1/view_users.php:0
[20-Sep-2018 22:23:46 UTC] PHP   2. mysqli_free_result() /home/ubuntu/workspace/CPSC4125_Assignments/Assignment1/view_users.php:79
[20-Sep-2018 22:27:18 UTC] PHP Warning:  mysqli_fetch_array() expects parameter 1 to be mysqli_result, boolean given in /home/ubuntu/workspace/CPSC4125_Assignments/Assignment1/view_users.php on line 63
[20-Sep-2018 22:27:18 UTC] PHP Stack trace:
[20-Sep-2018 22:27:18 UTC] PHP   1. {main}() /home/ubuntu/workspace/CPSC4125_Assignments/Assignment1/view_users.php:0
[20-Sep-2018 22:27:18 UTC] PHP   2. mysqli_fetch_array() /home/ubuntu/workspace/CPSC4125_Assignments/Assignment1/view_users.php:63
[20-Sep-2018 22:27:18 UTC] PHP Warning:  mysqli_free_result() expects parameter 1 to be mysqli_result, boolean given in /home/ubuntu/workspace/CPSC4125_Assignments/Assignment1/view_users.php on line 79
[20-Sep-2018 22:27:18 UTC] PHP Stack trace:
[20-Sep-2018 22:27:18 UTC] PHP   1. {main}() /home/ubuntu/workspace/CPSC4125_Assignments/Assignment1/view_users.php:0
[20-Sep-2018 22:27:18 UTC] PHP   2. mysqli_free_result() /home/ubuntu/workspace/CPSC4125_Assignments/Assignment1/view_users.php:79
[20-Sep-2018 22:34:32 UTC] PHP Warning:  mysqli_fetch_array() expects parameter 1 to be mysqli_result, boolean given in /home/ubuntu/workspace/CPSC4125_Assignments/Assignment1/view_posts.php on line 64
[20-Sep-2018 22:34:32 UTC] PHP Stack trace:
[20-Sep-2018 22:34:32 UTC] PHP   1. {main}() /home/ubuntu/workspace/CPSC4125_Assignments/Assignment1/view_posts.php:0
[20-Sep-2018 22:34:32 UTC] PHP   2. mysqli_fetch_array() /home/ubuntu/workspace/CPSC4125_Assignments/Assignment1/view_posts.php:64
[20-Sep-2018 22:34:32 UTC] PHP Warning:  mysqli_free_result() expects parameter 1 to be mysqli_result, boolean given in /home/ubuntu/workspace/CPSC4125_Assignments/Assignment1/view_posts.php on line 80
[20-Sep-2018 22:34:32 UTC] PHP Stack trace:
[20-Sep-2018 22:34:32 UTC] PHP   1. {main}() /home/ubuntu/workspace/CPSC4125_Assignments/Assignment1/view_posts.php:0
[20-Sep-2018 22:34:32 UTC] PHP   2. mysqli_free_result() /home/ubuntu/workspace/CPSC4125_Assignments/Assignment1/view_posts.php:80
[20-Sep-2018 22:34:37 UTC] PHP Warning:  mysqli_fetch_array() expects parameter 1 to be mysqli_result, boolean given in /home/ubuntu/workspace/CPSC4125_Assignments/Assignment1/view_users.php on line 63
[20-Sep-2018 22:34:37 UTC] PHP Stack trace:
[20-Sep-2018 22:34:37 UTC] PHP   1. {main}() /home/ubuntu/workspace/CPSC4125_Assignments/Assignment1/view_users.php:0
[20-Sep-2018 22:34:37 UTC] PHP   2. mysqli_fetch_array() /home/ubuntu/workspace/CPSC4125_Assignments/Assignment1/view_users.php:63
[20-Sep-2018 22:34:37 UTC] PHP Warning:  mysqli_free_result() expects parameter 1 to be mysqli_result, boolean given in /home/ubuntu/workspace/CPSC4125_Assignments/Assignment1/view_users.php on line 79
[20-Sep-2018 22:34:37 UTC] PHP Stack trace:
[20-Sep-2018 22:34:37 UTC] PHP   1. {main}() /home/ubuntu/workspace/CPSC4125_Assignments/Assignment1/view_users.php:0
[20-Sep-2018 22:34:37 UTC] PHP   2. mysqli_free_result() /home/ubuntu/workspace/CPSC4125_Assignments/Assignment1/view_users.php:79
[20-Sep-2018 22:34:37 UTC] PHP Warning:  mysqli_fetch_array() expects parameter 1 to be mysqli_result, boolean given in /home/ubuntu/workspace/CPSC4125_Assignments/Assignment1/view_posts.php on line 64
[20-Sep-2018 22:34:37 UTC] PHP Stack trace:
[20-Sep-2018 22:34:37 UTC] PHP   1. {main}() /home/ubuntu/workspace/CPSC4125_Assignments/Assignment1/view_posts.php:0
[20-Sep-2018 22:34:37 UTC] PHP   2. mysqli_fetch_array() /home/ubuntu/workspace/CPSC4125_Assignments/Assignment1/view_posts.php:64
[20-Sep-2018 22:34:37 UTC] PHP Warning:  mysqli_free_result() expects parameter 1 to be mysqli_result, boolean given in /home/ubuntu/workspace/CPSC4125_Assignments/Assignment1/view_posts.php on line 80
[20-Sep-2018 22:34:37 UTC] PHP Stack trace:
[20-Sep-2018 22:34:37 UTC] PHP   1. {main}() /home/ubuntu/workspace/CPSC4125_Assignments/Assignment1/view_posts.php:0
[20-Sep-2018 22:34:37 UTC] PHP   2. mysqli_free_result() /home/ubuntu/workspace/CPSC4125_Assignments/Assignment1/view_posts.php:80
[20-Sep-2018 22:37:34 UTC] PHP Warning:  mysqli_fetch_array() expects parameter 1 to be mysqli_result, boolean given in /home/ubuntu/workspace/CPSC4125_Assignments/Assignment1/view_users.php on line 63
[20-Sep-2018 22:37:34 UTC] PHP Stack trace:
[20-Sep-2018 22:37:34 UTC] PHP   1. {main}() /home/ubuntu/workspace/CPSC4125_Assignments/Assignment1/view_users.php:0
[20-Sep-2018 22:37:34 UTC] PHP   2. mysqli_fetch_array() /home/ubuntu/workspace/CPSC4125_Assignments/Assignment1/view_users.php:63
[20-Sep-2018 22:37:34 UTC] PHP Warning:  mysqli_free_result() expects parameter 1 to be mysqli_result, boolean given in /home/ubuntu/workspace/CPSC4125_Assignments/Assignment1/view_users.php on line 79
[20-Sep-2018 22:37:34 UTC] PHP Stack trace:
[20-Sep-2018 22:37:34 UTC] PHP   1. {main}() /home/ubuntu/workspace/CPSC4125_Assignments/Assignment1/view_users.php:0
[20-Sep-2018 22:37:34 UTC] PHP   2. mysqli_free_result() /home/ubuntu/workspace/CPSC4125_Assignments/Assignment1/view_users.php:79
[20-Sep-2018 22:46:29 UTC] PHP Warning:  mysqli_fetch_array() expects parameter 1 to be mysqli_result, boolean given in /home/ubuntu/workspace/CPSC4125_Assignments/Assignment1/view_users.php on line 63
[20-Sep-2018 22:46:29 UTC] PHP Stack trace:
[20-Sep-2018 22:46:29 UTC] PHP   1. {main}() /home/ubuntu/workspace/CPSC4125_Assignments/Assignment1/view_users.php:0
[20-Sep-2018 22:46:29 UTC] PHP   2. mysqli_fetch_array() /home/ubuntu/workspace/CPSC4125_Assignments/Assignment1/view_users.php:63
[20-Sep-2018 22:46:29 UTC] PHP Warning:  mysqli_free_result() expects parameter 1 to be mysqli_result, boolean given in /home/ubuntu/workspace/CPSC4125_Assignments/Assignment1/view_users.php on line 79
[20-Sep-2018 22:46:29 UTC] PHP Stack trace:
[20-Sep-2018 22:46:29 UTC] PHP   1. {main}() /home/ubuntu/workspace/CPSC4125_Assignments/Assignment1/view_users.php:0
[20-Sep-2018 22:46:29 UTC] PHP   2. mysqli_free_result() /home/ubuntu/workspace/CPSC4125_Assignments/Assignment1/view_users.php:79
[20-Sep-2018 22:57:06 UTC] PHP Parse error:  syntax error, unexpected ''] . '' (T_CONSTANT_ENCAPSED_STRING), expecting ']' in /home/ubuntu/workspace/CPSC4125_Assignments/Assignment1/view_posts.php on line 69
[20-Sep-2018 23:03:21 UTC] PHP Parse error:  syntax error, unexpected 'PHP' (T_STRING) in /home/ubuntu/workspace/CPSC4125_Assignments/Assignment1/view_posts.php on line 45
[20-Sep-2018 23:03:31 UTC] PHP Parse error:  syntax error, unexpected '60' (T_LNUMBER) in /home/ubuntu/workspace/CPSC4125_Assignments/Assignment1/view_posts.php on line 49
[20-Sep-2018 23:03:55 UTC] PHP Parse error:  syntax error, unexpected '60' (T_LNUMBER) in /home/ubuntu/workspace/CPSC4125_Assignments/Assignment1/view_posts.php on line 49
[20-Sep-2018 23:03:56 UTC] PHP Parse error:  syntax error, unexpected '60' (T_LNUMBER) in /home/ubuntu/workspace/CPSC4125_Assignments/Assignment1/view_posts.php on line 49
[20-Sep-2018 23:03:56 UTC] PHP Parse error:  syntax error, unexpected '60' (T_LNUMBER) in /home/ubuntu/workspace/CPSC4125_Assignments/Assignment1/view_posts.php on line 49
